<?xml version="1.0" encoding="UTF-8"?>
<testng-results ignored="0" total="1" passed="1" failed="0" skipped="0">
  <reporter-output>
  </reporter-output>
  <suite started-at="2025-12-05T20:05:52 IST" name="Default suite" finished-at="2025-12-05T20:06:34 IST" duration-ms="41661">
    <groups>
    </groups>
    <test started-at="2025-12-05T20:05:52 IST" name="Default test" finished-at="2025-12-05T20:06:34 IST" duration-ms="41661">
      <class name="pom_test.shine_test">
        <test-method is-config="true" signature="setup()[pri:0, instance:pom_test.shine_test@222545dc]" started-at="2025-12-05T20:05:52 IST" name="setup" finished-at="2025-12-05T20:05:55 IST" duration-ms="2522" status="PASS">
          <reporter-output>
          </reporter-output>
        </test-method> <!-- setup -->
        <test-method signature="shineauto()[pri:0, instance:pom_test.shine_test@222545dc]" started-at="2025-12-05T20:05:55 IST" name="shineauto" finished-at="2025-12-05T20:06:34 IST" duration-ms="39066" status="PASS">
          <reporter-output>
          </reporter-output>
        </test-method> <!-- shineauto -->
      </class> <!-- pom_test.shine_test -->
    </test> <!-- Default test -->
  </suite> <!-- Default suite -->
</testng-results>
