<?xml version="1.0" encoding="UTF-8"?>
<testng-results ignored="0" total="1" passed="1" failed="0" skipped="0">
  <reporter-output>
  </reporter-output>
  <suite started-at="2025-12-10T06:13:35 IST" name="Default suite" finished-at="2025-12-10T06:14:31 IST" duration-ms="56138">
    <groups>
    </groups>
    <test started-at="2025-12-10T06:13:35 IST" name="Default test" finished-at="2025-12-10T06:14:31 IST" duration-ms="56138">
      <class name="pom_test.shine_test">
        <test-method is-config="true" signature="setup()[pri:0, instance:pom_test.shine_test@16293aa2]" started-at="2025-12-10T06:13:35 IST" name="setup" finished-at="2025-12-10T06:13:39 IST" duration-ms="4380" status="PASS">
          <reporter-output>
          </reporter-output>
        </test-method> <!-- setup -->
        <test-method signature="shineauto()[pri:0, instance:pom_test.shine_test@16293aa2]" started-at="2025-12-10T06:13:39 IST" name="shineauto" finished-at="2025-12-10T06:14:31 IST" duration-ms="51361" status="PASS">
          <reporter-output>
          </reporter-output>
        </test-method> <!-- shineauto -->
        <test-method is-config="true" signature="teardown()[pri:0, instance:pom_test.shine_test@16293aa2]" started-at="2025-12-10T06:14:31 IST" name="teardown" finished-at="2025-12-10T06:14:31 IST" duration-ms="315" status="PASS">
          <reporter-output>
          </reporter-output>
        </test-method> <!-- teardown -->
      </class> <!-- pom_test.shine_test -->
    </test> <!-- Default test -->
  </suite> <!-- Default suite -->
</testng-results>
